<?xml version="1.0" encoding="UTF-8"?>
<!-- Generated by org.testng.reporters.JUnitXMLReporter -->
<testsuite ignored="1" hostname="DESKTOP-GHR87TD" failures="0" tests="1" name="Default test" time="23.191" errors="0" timestamp="2025-01-13T21:19:20 IST">
  <testcase classname="com.qa.testcases.LoginPageTest" name="LoginpageTest" time="15.96"/>
  <testcase classname="com.qa.testcases.LoginPageTest" name="loginPageTitleTest" time="0.0">
    <ignored/>
  </testcase> <!-- loginPageTitleTest -->
</testsuite> <!-- Default test -->
