<?xml version="1.0" encoding="UTF-8"?>
<!-- Generated by org.testng.reporters.JUnitXMLReporter -->
<testsuite ignored="1" hostname="DESKTOP-GHR87TD" failures="0" tests="1" name="Default test" time="22.695" errors="0" timestamp="2024-06-10T15:58:25 IST">
  <testcase classname="com.qa.testcases.LoginPageTest" name="SignUpPageTest" time="5.755"/>
  <testcase classname="com.qa.testcases.LoginPageTest" name="loginPageTitleTest" time="0.0">
    <ignored/>
  </testcase> <!-- loginPageTitleTest -->
</testsuite> <!-- Default test -->
