<?xml version="1.0" encoding="UTF-8"?>
<testng-results ignored="1" total="2" passed="1" failed="0" skipped="0">
  <reporter-output>
  </reporter-output>
  <suite started-at="2025-01-13T21:18:57 IST" name="Default suite" finished-at="2025-01-13T21:19:20 IST" duration-ms="23191">
    <groups>
    </groups>
    <test started-at="2025-01-13T21:18:57 IST" name="Default test" finished-at="2025-01-13T21:19:20 IST" duration-ms="23191">
      <class name="com.qa.testcases.LoginPageTest">
        <test-method is-config="true" signature="setUp()[pri:0, instance:com.qa.testcases.LoginPageTest@63376bed]" started-at="2025-01-13T21:18:57 IST" name="setUp" finished-at="2025-01-13T21:19:04 IST" duration-ms="6454" status="PASS">
          <reporter-output>
          </reporter-output>
        </test-method> <!-- setUp -->
        <test-method signature="LoginpageTest()[pri:2, instance:com.qa.testcases.LoginPageTest@63376bed]" started-at="2025-01-13T21:19:04 IST" name="LoginpageTest" finished-at="2025-01-13T21:19:20 IST" duration-ms="15960" status="PASS">
          <reporter-output>
          </reporter-output>
        </test-method> <!-- LoginpageTest -->
        <test-method is-config="true" signature="tearDown()[pri:0, instance:com.qa.testcases.LoginPageTest@63376bed]" started-at="2025-01-13T21:19:20 IST" name="tearDown" finished-at="2025-01-13T21:19:20 IST" duration-ms="670" status="PASS">
          <reporter-output>
          </reporter-output>
        </test-method> <!-- tearDown -->
      </class> <!-- com.qa.testcases.LoginPageTest -->
    </test> <!-- Default test -->
  </suite> <!-- Default suite -->
</testng-results>
