<?xml version="1.0" encoding="UTF-8"?>
<testng-results ignored="0" total="2" passed="2" failed="0" skipped="0">
  <reporter-output>
  </reporter-output>
  <suite started-at="2024-10-03T22:04:00 IST" name="Default suite" finished-at="2024-10-03T22:04:37 IST" duration-ms="36686">
    <groups>
    </groups>
    <test started-at="2024-10-03T22:04:00 IST" name="Default test" finished-at="2024-10-03T22:04:37 IST" duration-ms="36686">
      <class name="com.qa.testcases.LoginPageTest">
        <test-method is-config="true" signature="setUp()[pri:0, instance:com.qa.testcases.LoginPageTest@2794eab6]" started-at="2024-10-03T22:04:00 IST" name="setUp" finished-at="2024-10-03T22:04:12 IST" duration-ms="11587" status="PASS">
          <reporter-output>
          </reporter-output>
        </test-method> <!-- setUp -->
        <test-method signature="loginPageTitleTest()[pri:1, instance:com.qa.testcases.LoginPageTest@2794eab6]" started-at="2024-10-03T22:04:12 IST" name="loginPageTitleTest" finished-at="2024-10-03T22:04:13 IST" duration-ms="1014" status="PASS">
          <reporter-output>
          </reporter-output>
        </test-method> <!-- loginPageTitleTest -->
        <test-method is-config="true" signature="tearDown()[pri:0, instance:com.qa.testcases.LoginPageTest@2794eab6]" started-at="2024-10-03T22:04:13 IST" name="tearDown" finished-at="2024-10-03T22:04:13 IST" duration-ms="641" status="PASS">
          <reporter-output>
          </reporter-output>
        </test-method> <!-- tearDown -->
        <test-method is-config="true" signature="setUp()[pri:0, instance:com.qa.testcases.LoginPageTest@2794eab6]" started-at="2024-10-03T22:04:13 IST" name="setUp" finished-at="2024-10-03T22:04:26 IST" duration-ms="12737" status="PASS">
          <reporter-output>
          </reporter-output>
        </test-method> <!-- setUp -->
        <test-method signature="LoginpageTest()[pri:2, instance:com.qa.testcases.LoginPageTest@2794eab6]" started-at="2024-10-03T22:04:26 IST" name="LoginpageTest" finished-at="2024-10-03T22:04:35 IST" duration-ms="8872" status="PASS">
          <reporter-output>
          </reporter-output>
        </test-method> <!-- LoginpageTest -->
        <test-method is-config="true" signature="tearDown()[pri:0, instance:com.qa.testcases.LoginPageTest@2794eab6]" started-at="2024-10-03T22:04:35 IST" name="tearDown" finished-at="2024-10-03T22:04:37 IST" duration-ms="1718" status="PASS">
          <reporter-output>
          </reporter-output>
        </test-method> <!-- tearDown -->
      </class> <!-- com.qa.testcases.LoginPageTest -->
    </test> <!-- Default test -->
  </suite> <!-- Default suite -->
</testng-results>
